This file contains any messages produced by compilers while
running configure, to aid debugging if configure makes a mistake.

It was created by CUnit configure 2.0-1, which was
generated by GNU Autoconf 2.57.  Invocation command line was

  $ ./configure 

## --------- ##
## Platform. ##
## --------- ##

hostname = hpcomputer
uname -m = i686
uname -r = 2.4.21-0.13mdk
uname -s = Linux
uname -v = #1 Fri Mar 14 15:08:06 EST 2003

/usr/bin/uname -p = unknown
/bin/uname -X     = unknown

/bin/arch              = i686
/usr/bin/arch -k       = unknown
/usr/convex/getsysinfo = unknown
hostinfo               = unknown
/bin/machine           = unknown
/usr/bin/oslevel       = unknown
/bin/universe          = unknown

PATH: /usr//bin
PATH: /bin
PATH: /usr/bin
PATH: .
PATH: /usr/local/bin
PATH: /usr/X11R6/bin
PATH: /usr/games
PATH: /usr/lib/jre-1.4.1_01/bin
PATH: /home/jds/bin


## ----------- ##
## Core tests. ##
## ----------- ##

configure:1314: checking for a BSD-compatible install
configure:1368: result: /usr//bin/install -c
configure:1379: checking whether build environment is sane
configure:1422: result: yes
configure:1447: WARNING: `missing' script is too old or missing
configure:1455: checking for gawk
configure:1471: found /usr//bin/gawk
configure:1481: result: gawk
configure:1491: checking whether make sets $(MAKE)
configure:1511: result: yes
configure:1727: checking for gcc
configure:1743: found /usr//bin/gcc
configure:1753: result: gcc
configure:1997: checking for C compiler version
configure:2000: gcc --version </dev/null >&5
gcc (GCC) 3.2.2 (Mandrake Linux 9.1 3.2.2-3mdk)
Copyright (C) 2002 Free Software Foundation, Inc.
This is free software; see the source for copying conditions.  There is NO
warranty; not even for MERCHANTABILITY or FITNESS FOR A PARTICULAR PURPOSE.

configure:2003: $? = 0
configure:2005: gcc -v </dev/null >&5
Reading specs from /usr//bin/../lib/gcc-lib/i586-mandrake-linux-gnu/3.2.2/specs
Configured with: ../configure --prefix=/usr --libdir=/usr/lib --with-slibdir=/lib --mandir=/usr/share/man --infodir=/usr/share/info --enable-shared --enable-threads=posix --disable-checking --enable-long-long --enable-__cxa_atexit --enable-languages=c,c++,ada,f77,objc,java --host=i586-mandrake-linux-gnu --with-system-zlib
Thread model: posix
gcc version 3.2.2 (Mandrake Linux 9.1 3.2.2-3mdk)
configure:2008: $? = 0
configure:2010: gcc -V </dev/null >&5
gcc: argument to `-V' is missing
configure:2013: $? = 1
configure:2037: checking for C compiler default output
configure:2040: gcc -DRELEASE=@RELEASE@ -Wall -I/home/jds/dev/CUnit-2.0-1/CUnit/Headers  -L/home/jds/dev/CUnit-2.0-1/CUnit/Sources conftest.c  >&5
configure:2043: $? = 0
configure:2089: result: a.out
configure:2094: checking whether the C compiler works
configure:2100: ./a.out
configure:2103: $? = 0
configure:2120: result: yes
configure:2127: checking whether we are cross compiling
configure:2129: result: no
configure:2132: checking for suffix of executables
configure:2134: gcc -o conftest -DRELEASE=@RELEASE@ -Wall -I/home/jds/dev/CUnit-2.0-1/CUnit/Headers  -L/home/jds/dev/CUnit-2.0-1/CUnit/Sources conftest.c  >&5
configure:2137: $? = 0
configure:2162: result: 
configure:2168: checking for suffix of object files
configure:2190: gcc -c -DRELEASE=@RELEASE@ -Wall -I/home/jds/dev/CUnit-2.0-1/CUnit/Headers  conftest.c >&5
configure:2193: $? = 0
configure:2215: result: o
configure:2219: checking whether we are using the GNU C compiler
configure:2244: gcc -c -DRELEASE=@RELEASE@ -Wall -I/home/jds/dev/CUnit-2.0-1/CUnit/Headers  conftest.c >&5
configure:2247: $? = 0
configure:2250: test -s conftest.o
configure:2253: $? = 0
configure:2266: result: yes
configure:2272: checking whether gcc accepts -g
configure:2294: gcc -c -g  conftest.c >&5
configure:2297: $? = 0
configure:2300: test -s conftest.o
configure:2303: $? = 0
configure:2314: result: yes
configure:2331: checking for gcc option to accept ANSI C
configure:2392: gcc  -c -DRELEASE=@RELEASE@ -Wall -I/home/jds/dev/CUnit-2.0-1/CUnit/Headers  conftest.c >&5
configure:2395: $? = 0
configure:2398: test -s conftest.o
configure:2401: $? = 0
configure:2419: result: none needed
configure:2437: gcc -c -DRELEASE=@RELEASE@ -Wall -I/home/jds/dev/CUnit-2.0-1/CUnit/Headers  conftest.c >&5
conftest.c:2: parse error before "me"
configure:2440: $? = 1
configure: failed program was:
| #ifndef __cplusplus
|   choke me
| #endif
configure:2568: checking for style of include used by make
configure:2596: result: GNU
configure:2624: checking dependency style of gcc
configure:2686: result: gcc3
configure:2715: checking for a BSD-compatible install
configure:2769: result: /usr//bin/install -c
configure:2821: checking for ranlib
configure:2837: found /usr//bin/ranlib
configure:2848: result: ranlib
configure:2860: checking whether make sets $(MAKE)
configure:2880: result: yes
configure:2893: checking for main in -lc
configure:2918: gcc -o conftest -DRELEASE=@RELEASE@ -Wall -I/home/jds/dev/CUnit-2.0-1/CUnit/Headers  -L/home/jds/dev/CUnit-2.0-1/CUnit/Sources conftest.c -lc   >&5
configure:2921: $? = 0
configure:2924: test -s conftest
configure:2927: $? = 0
configure:2939: result: yes
configure:2951: checking for malloc
configure:3001: gcc -o conftest -DRELEASE=@RELEASE@ -Wall -I/home/jds/dev/CUnit-2.0-1/CUnit/Headers  -L/home/jds/dev/CUnit-2.0-1/CUnit/Sources conftest.c -lc  >&5
configure:3004: $? = 0
configure:3007: test -s conftest
configure:3010: $? = 0
configure:3021: result: yes
configure:3029: checking for free
configure:3079: gcc -o conftest -DRELEASE=@RELEASE@ -Wall -I/home/jds/dev/CUnit-2.0-1/CUnit/Headers  -L/home/jds/dev/CUnit-2.0-1/CUnit/Sources conftest.c -lc  >&5
configure:3082: $? = 0
configure:3085: test -s conftest
configure:3088: $? = 0
configure:3099: result: yes
configure:3107: checking for calloc
configure:3157: gcc -o conftest -DRELEASE=@RELEASE@ -Wall -I/home/jds/dev/CUnit-2.0-1/CUnit/Headers  -L/home/jds/dev/CUnit-2.0-1/CUnit/Sources conftest.c -lc  >&5
configure:3160: $? = 0
configure:3163: test -s conftest
configure:3166: $? = 0
configure:3177: result: yes
configure:3185: checking for realloc
configure:3235: gcc -o conftest -DRELEASE=@RELEASE@ -Wall -I/home/jds/dev/CUnit-2.0-1/CUnit/Headers  -L/home/jds/dev/CUnit-2.0-1/CUnit/Sources conftest.c -lc  >&5
configure:3238: $? = 0
configure:3241: test -s conftest
configure:3244: $? = 0
configure:3255: result: yes
configure:3264: checking for strcpy
configure:3314: gcc -o conftest -DRELEASE=@RELEASE@ -Wall -I/home/jds/dev/CUnit-2.0-1/CUnit/Headers  -L/home/jds/dev/CUnit-2.0-1/CUnit/Sources conftest.c -lc  >&5
configure:3296: warning: conflicting types for built-in function `strcpy'
configure:3317: $? = 0
configure:3320: test -s conftest
configure:3323: $? = 0
configure:3334: result: yes
configure:3342: checking for strerror
configure:3392: gcc -o conftest -DRELEASE=@RELEASE@ -Wall -I/home/jds/dev/CUnit-2.0-1/CUnit/Headers  -L/home/jds/dev/CUnit-2.0-1/CUnit/Sources conftest.c -lc  >&5
configure:3395: $? = 0
configure:3398: test -s conftest
configure:3401: $? = 0
configure:3412: result: yes
configure:3421: checking for fopen
configure:3471: gcc -o conftest -DRELEASE=@RELEASE@ -Wall -I/home/jds/dev/CUnit-2.0-1/CUnit/Headers  -L/home/jds/dev/CUnit-2.0-1/CUnit/Sources conftest.c -lc  >&5
configure:3474: $? = 0
configure:3477: test -s conftest
configure:3480: $? = 0
configure:3491: result: yes
configure:3499: checking for fclose
configure:3549: gcc -o conftest -DRELEASE=@RELEASE@ -Wall -I/home/jds/dev/CUnit-2.0-1/CUnit/Headers  -L/home/jds/dev/CUnit-2.0-1/CUnit/Sources conftest.c -lc  >&5
configure:3552: $? = 0
configure:3555: test -s conftest
configure:3558: $? = 0
configure:3569: result: yes
configure:3577: checking for fprintf
configure:3627: gcc -o conftest -DRELEASE=@RELEASE@ -Wall -I/home/jds/dev/CUnit-2.0-1/CUnit/Headers  -L/home/jds/dev/CUnit-2.0-1/CUnit/Sources conftest.c -lc  >&5
configure:3609: warning: conflicting types for built-in function `fprintf'
configure:3630: $? = 0
configure:3633: test -s conftest
configure:3636: $? = 0
configure:3647: result: yes
configure:3655: checking for setvbuf
configure:3705: gcc -o conftest -DRELEASE=@RELEASE@ -Wall -I/home/jds/dev/CUnit-2.0-1/CUnit/Headers  -L/home/jds/dev/CUnit-2.0-1/CUnit/Sources conftest.c -lc  >&5
configure:3708: $? = 0
configure:3711: test -s conftest
configure:3714: $? = 0
configure:3725: result: yes
configure:3734: checking for time
configure:3784: gcc -o conftest -DRELEASE=@RELEASE@ -Wall -I/home/jds/dev/CUnit-2.0-1/CUnit/Headers  -L/home/jds/dev/CUnit-2.0-1/CUnit/Sources conftest.c -lc  >&5
configure:3787: $? = 0
configure:3790: test -s conftest
configure:3793: $? = 0
configure:3804: result: yes
configure:3812: checking for ctime
configure:3862: gcc -o conftest -DRELEASE=@RELEASE@ -Wall -I/home/jds/dev/CUnit-2.0-1/CUnit/Headers  -L/home/jds/dev/CUnit-2.0-1/CUnit/Sources conftest.c -lc  >&5
configure:3865: $? = 0
configure:3868: test -s conftest
configure:3871: $? = 0
configure:3882: result: yes
configure:3897: checking how to run the C preprocessor
configure:3933: gcc -E  conftest.c
configure:3939: $? = 0
configure:3971: gcc -E  conftest.c
configure:3973:28: ac_nonexistent.h: No such file or directory
configure:3977: $? = 1
configure: failed program was:
| #line 3962 "configure"
| /* confdefs.h.  */
| 
| #define PACKAGE_NAME "CUnit"
| #define PACKAGE_TARNAME "cunit"
| #define PACKAGE_VERSION "2.0-1"
| #define PACKAGE_STRING "CUnit 2.0-1"
| #define PACKAGE_BUGREPORT ""
| #define PACKAGE "CUnit"
| #define VERSION "2.0-1"
| #define HAVE_LIBC 1
| /* end confdefs.h.  */
| #include <ac_nonexistent.h>
configure:4015: result: gcc -E
configure:4040: gcc -E  conftest.c
configure:4046: $? = 0
configure:4078: gcc -E  conftest.c
configure:4080:28: ac_nonexistent.h: No such file or directory
configure:4084: $? = 1
configure: failed program was:
| #line 4069 "configure"
| /* confdefs.h.  */
| 
| #define PACKAGE_NAME "CUnit"
| #define PACKAGE_TARNAME "cunit"
| #define PACKAGE_VERSION "2.0-1"
| #define PACKAGE_STRING "CUnit 2.0-1"
| #define PACKAGE_BUGREPORT ""
| #define PACKAGE "CUnit"
| #define VERSION "2.0-1"
| #define HAVE_LIBC 1
| /* end confdefs.h.  */
| #include <ac_nonexistent.h>
configure:4127: checking for egrep
configure:4137: result: grep -E
configure:4142: checking for ANSI C header files
configure:4168: gcc -c -DRELEASE=@RELEASE@ -Wall -I/home/jds/dev/CUnit-2.0-1/CUnit/Headers  conftest.c >&5
configure:4171: $? = 0
configure:4174: test -s conftest.o
configure:4177: $? = 0
configure:4266: gcc -o conftest -DRELEASE=@RELEASE@ -Wall -I/home/jds/dev/CUnit-2.0-1/CUnit/Headers  -L/home/jds/dev/CUnit-2.0-1/CUnit/Sources conftest.c -lc  >&5
configure: In function `main':
configure:4265: warning: implicit declaration of function `exit'
configure:4269: $? = 0
configure:4271: ./conftest
configure:4274: $? = 0
configure:4289: result: yes
configure:4313: checking for sys/types.h
configure:4330: gcc -c -DRELEASE=@RELEASE@ -Wall -I/home/jds/dev/CUnit-2.0-1/CUnit/Headers  conftest.c >&5
configure:4333: $? = 0
configure:4336: test -s conftest.o
configure:4339: $? = 0
configure:4350: result: yes
configure:4313: checking for sys/stat.h
configure:4330: gcc -c -DRELEASE=@RELEASE@ -Wall -I/home/jds/dev/CUnit-2.0-1/CUnit/Headers  conftest.c >&5
configure:4333: $? = 0
configure:4336: test -s conftest.o
configure:4339: $? = 0
configure:4350: result: yes
configure:4313: checking for stdlib.h
configure:4330: gcc -c -DRELEASE=@RELEASE@ -Wall -I/home/jds/dev/CUnit-2.0-1/CUnit/Headers  conftest.c >&5
configure:4333: $? = 0
configure:4336: test -s conftest.o
configure:4339: $? = 0
configure:4350: result: yes
configure:4313: checking for string.h
configure:4330: gcc -c -DRELEASE=@RELEASE@ -Wall -I/home/jds/dev/CUnit-2.0-1/CUnit/Headers  conftest.c >&5
configure:4333: $? = 0
configure:4336: test -s conftest.o
configure:4339: $? = 0
configure:4350: result: yes
configure:4313: checking for memory.h
configure:4330: gcc -c -DRELEASE=@RELEASE@ -Wall -I/home/jds/dev/CUnit-2.0-1/CUnit/Headers  conftest.c >&5
configure:4333: $? = 0
configure:4336: test -s conftest.o
configure:4339: $? = 0
configure:4350: result: yes
configure:4313: checking for strings.h
configure:4330: gcc -c -DRELEASE=@RELEASE@ -Wall -I/home/jds/dev/CUnit-2.0-1/CUnit/Headers  conftest.c >&5
configure:4333: $? = 0
configure:4336: test -s conftest.o
configure:4339: $? = 0
configure:4350: result: yes
configure:4313: checking for inttypes.h
configure:4330: gcc -c -DRELEASE=@RELEASE@ -Wall -I/home/jds/dev/CUnit-2.0-1/CUnit/Headers  conftest.c >&5
configure:4333: $? = 0
configure:4336: test -s conftest.o
configure:4339: $? = 0
configure:4350: result: yes
configure:4313: checking for stdint.h
configure:4330: gcc -c -DRELEASE=@RELEASE@ -Wall -I/home/jds/dev/CUnit-2.0-1/CUnit/Headers  conftest.c >&5
configure:4333: $? = 0
configure:4336: test -s conftest.o
configure:4339: $? = 0
configure:4350: result: yes
configure:4313: checking for unistd.h
configure:4330: gcc -c -DRELEASE=@RELEASE@ -Wall -I/home/jds/dev/CUnit-2.0-1/CUnit/Headers  conftest.c >&5
configure:4333: $? = 0
configure:4336: test -s conftest.o
configure:4339: $? = 0
configure:4350: result: yes
configure:4376: checking assert.h usability
configure:4389: gcc -c -DRELEASE=@RELEASE@ -Wall -I/home/jds/dev/CUnit-2.0-1/CUnit/Headers  conftest.c >&5
configure:4392: $? = 0
configure:4395: test -s conftest.o
configure:4398: $? = 0
configure:4408: result: yes
configure:4412: checking assert.h presence
configure:4423: gcc -E  conftest.c
configure:4429: $? = 0
configure:4448: result: yes
configure:4484: checking for assert.h
configure:4491: result: yes
configure:4518: checking ctype.h usability
configure:4531: gcc -c -DRELEASE=@RELEASE@ -Wall -I/home/jds/dev/CUnit-2.0-1/CUnit/Headers  conftest.c >&5
configure:4534: $? = 0
configure:4537: test -s conftest.o
configure:4540: $? = 0
configure:4550: result: yes
configure:4554: checking ctype.h presence
configure:4565: gcc -E  conftest.c
configure:4571: $? = 0
configure:4590: result: yes
configure:4626: checking for ctype.h
configure:4633: result: yes
configure:4660: checking math.h usability
configure:4673: gcc -c -DRELEASE=@RELEASE@ -Wall -I/home/jds/dev/CUnit-2.0-1/CUnit/Headers  conftest.c >&5
configure:4676: $? = 0
configure:4679: test -s conftest.o
configure:4682: $? = 0
configure:4692: result: yes
configure:4696: checking math.h presence
configure:4707: gcc -E  conftest.c
configure:4713: $? = 0
configure:4732: result: yes
configure:4768: checking for math.h
configure:4775: result: yes
configure:4802: checking file.h usability
configure:4815: gcc -c -DRELEASE=@RELEASE@ -Wall -I/home/jds/dev/CUnit-2.0-1/CUnit/Headers  conftest.c >&5
configure:4862:18: file.h: No such file or directory
configure:4818: $? = 1
configure: failed program was:
| #line 4804 "configure"
| /* confdefs.h.  */
| 
| #define PACKAGE_NAME "CUnit"
| #define PACKAGE_TARNAME "cunit"
| #define PACKAGE_VERSION "2.0-1"
| #define PACKAGE_STRING "CUnit 2.0-1"
| #define PACKAGE_BUGREPORT ""
| #define PACKAGE "CUnit"
| #define VERSION "2.0-1"
| #define HAVE_LIBC 1
| #define STDC_HEADERS 1
| #define HAVE_SYS_TYPES_H 1
| #define HAVE_SYS_STAT_H 1
| #define HAVE_STDLIB_H 1
| #define HAVE_STRING_H 1
| #define HAVE_MEMORY_H 1
| #define HAVE_STRINGS_H 1
| #define HAVE_INTTYPES_H 1
| #define HAVE_STDINT_H 1
| #define HAVE_UNISTD_H 1
| #define HAVE_ASSERT_H 1
| #define HAVE_CTYPE_H 1
| #define HAVE_MATH_H 1
| /* end confdefs.h.  */
| #include <stdio.h>
| #if HAVE_SYS_TYPES_H
| # include <sys/types.h>
| #endif
| #if HAVE_SYS_STAT_H
| # include <sys/stat.h>
| #endif
| #if STDC_HEADERS
| # include <stdlib.h>
| # include <stddef.h>
| #else
| # if HAVE_STDLIB_H
| #  include <stdlib.h>
| # endif
| #endif
| #if HAVE_STRING_H
| # if !STDC_HEADERS && HAVE_MEMORY_H
| #  include <memory.h>
| # endif
| # include <string.h>
| #endif
| #if HAVE_STRINGS_H
| # include <strings.h>
| #endif
| #if HAVE_INTTYPES_H
| # include <inttypes.h>
| #else
| # if HAVE_STDINT_H
| #  include <stdint.h>
| # endif
| #endif
| #if HAVE_UNISTD_H
| # include <unistd.h>
| #endif
| #include <file.h>
configure:4834: result: no
configure:4838: checking file.h presence
configure:4849: gcc -E  conftest.c
configure:4864:18: file.h: No such file or directory
configure:4855: $? = 1
configure: failed program was:
| #line 4840 "configure"
| /* confdefs.h.  */
| 
| #define PACKAGE_NAME "CUnit"
| #define PACKAGE_TARNAME "cunit"
| #define PACKAGE_VERSION "2.0-1"
| #define PACKAGE_STRING "CUnit 2.0-1"
| #define PACKAGE_BUGREPORT ""
| #define PACKAGE "CUnit"
| #define VERSION "2.0-1"
| #define HAVE_LIBC 1
| #define STDC_HEADERS 1
| #define HAVE_SYS_TYPES_H 1
| #define HAVE_SYS_STAT_H 1
| #define HAVE_STDLIB_H 1
| #define HAVE_STRING_H 1
| #define HAVE_MEMORY_H 1
| #define HAVE_STRINGS_H 1
| #define HAVE_INTTYPES_H 1
| #define HAVE_STDINT_H 1
| #define HAVE_UNISTD_H 1
| #define HAVE_ASSERT_H 1
| #define HAVE_CTYPE_H 1
| #define HAVE_MATH_H 1
| /* end confdefs.h.  */
| #include <file.h>
configure:4874: result: no
configure:4910: checking for file.h
configure:4917: result: no
configure:4944: checking stdio.h usability
configure:4957: gcc -c -DRELEASE=@RELEASE@ -Wall -I/home/jds/dev/CUnit-2.0-1/CUnit/Headers  conftest.c >&5
configure:4960: $? = 0
configure:4963: test -s conftest.o
configure:4966: $? = 0
configure:4976: result: yes
configure:4980: checking stdio.h presence
configure:4991: gcc -E  conftest.c
configure:4997: $? = 0
configure:5016: result: yes
configure:5052: checking for stdio.h
configure:5059: result: yes
configure:5077: checking for stdlib.h
configure:5082: result: yes
configure:5219: checking for string.h
configure:5224: result: yes
configure:5361: checking for an ANSI C-conforming const
configure:5429: gcc -c -DRELEASE=@RELEASE@ -Wall -I/home/jds/dev/CUnit-2.0-1/CUnit/Headers  conftest.c >&5
configure: In function `main':
configure:5420: warning: unused variable `s'
configure:5440: warning: unused variable `foo'
configure:5401: warning: unused variable `x'
configure:5407: warning: unused variable `zero'
configure:5432: $? = 0
configure:5435: test -s conftest.o
configure:5438: $? = 0
configure:5449: result: yes
configure:5582: creating ./config.status

## ---------------------- ##
## Running config.status. ##
## ---------------------- ##

This file was extended by CUnit config.status 2.0-1, which was
generated by GNU Autoconf 2.57.  Invocation command line was

  CONFIG_FILES    = 
  CONFIG_HEADERS  = 
  CONFIG_LINKS    = 
  CONFIG_COMMANDS = 
  $ ./config.status 

on hpcomputer

config.status:675: creating Jamrules
config.status:675: creating Makefile
config.status:675: creating CUnit.spec
config.status:675: creating CUnit/Makefile
config.status:675: creating CUnit/Headers/Makefile
config.status:675: creating CUnit/Sources/Makefile
config.status:675: creating CUnit/Sources/Framework/Makefile
config.status:675: creating CUnit/Sources/Automated/Makefile
config.status:675: creating CUnit/Sources/Basic/Makefile
config.status:675: creating CUnit/Sources/Console/Makefile
config.status:675: creating CUnit/Sources/Curses/Makefile
config.status:675: creating CUnit/Sources/Test/Makefile
config.status:675: creating doc/Makefile
config.status:675: creating doc/headers/Makefile
config.status:675: creating Examples/Makefile
config.status:675: creating Examples/AutomatedTest/Makefile
config.status:675: creating Examples/BasicTest/Makefile
config.status:675: creating Examples/ConsoleTest/Makefile
config.status:675: creating Examples/CursesTest/Makefile
config.status:675: creating Man/Makefile
config.status:675: creating Man/man3/Makefile
config.status:675: creating Share/Makefile
config.status:779: creating config.h
config.status:898: config.h is unchanged
config.status:1011: executing depfiles commands

## ---------------- ##
## Cache variables. ##
## ---------------- ##

ac_cv_c_compiler_gnu=yes
ac_cv_c_const=yes
ac_cv_env_CC_set=
ac_cv_env_CC_value=
ac_cv_env_CFLAGS_set=
ac_cv_env_CFLAGS_value=
ac_cv_env_CPPFLAGS_set=
ac_cv_env_CPPFLAGS_value=
ac_cv_env_CPP_set=
ac_cv_env_CPP_value=
ac_cv_env_LDFLAGS_set=
ac_cv_env_LDFLAGS_value=
ac_cv_env_build_alias_set=
ac_cv_env_build_alias_value=
ac_cv_env_host_alias_set=
ac_cv_env_host_alias_value=
ac_cv_env_target_alias_set=
ac_cv_env_target_alias_value=
ac_cv_exeext=
ac_cv_func_calloc=yes
ac_cv_func_ctime=yes
ac_cv_func_fclose=yes
ac_cv_func_fopen=yes
ac_cv_func_fprintf=yes
ac_cv_func_free=yes
ac_cv_func_malloc=yes
ac_cv_func_realloc=yes
ac_cv_func_setvbuf=yes
ac_cv_func_strcpy=yes
ac_cv_func_strerror=yes
ac_cv_func_time=yes
ac_cv_header_assert_h=yes
ac_cv_header_ctype_h=yes
ac_cv_header_file_h=no
ac_cv_header_inttypes_h=yes
ac_cv_header_math_h=yes
ac_cv_header_memory_h=yes
ac_cv_header_stdc=yes
ac_cv_header_stdint_h=yes
ac_cv_header_stdio_h=yes
ac_cv_header_stdlib_h=yes
ac_cv_header_string_h=yes
ac_cv_header_strings_h=yes
ac_cv_header_sys_stat_h=yes
ac_cv_header_sys_types_h=yes
ac_cv_header_unistd_h=yes
ac_cv_lib_c_main=yes
ac_cv_objext=o
ac_cv_path_install='/usr//bin/install -c'
ac_cv_prog_AWK=gawk
ac_cv_prog_CPP='gcc -E'
ac_cv_prog_ac_ct_CC=gcc
ac_cv_prog_ac_ct_RANLIB=ranlib
ac_cv_prog_cc_g=yes
ac_cv_prog_cc_stdc=
ac_cv_prog_egrep='grep -E'
ac_cv_prog_make_make_set=yes
am_cv_CC_dependencies_compiler_type=gcc3

## ----------------- ##
## Output variables. ##
## ----------------- ##

ACLOCAL='aclocal-1.7'
AMDEPBACKSLASH='\'
AMDEP_FALSE='#'
AMDEP_TRUE=''
AMTAR='tar'
AUTOCONF='autoconf'
AUTOHEADER='autoheader'
AUTOMAKE='automake-1.7'
AWK='gawk'
CC='gcc'
CCDEPMODE='depmode=gcc3'
CFLAGS='-DRELEASE=@RELEASE@ -Wall -I/home/jds/dev/CUnit-2.0-1/CUnit/Headers'
CPP='gcc -E'
CPPFLAGS=''
CYGPATH_W='echo'
DEFS='-DHAVE_CONFIG_H'
DEPDIR='.deps'
ECHO_C=''
ECHO_N='-n'
ECHO_T=''
EGREP='grep -E'
EXEEXT=''
INSTALL_DATA='${INSTALL} -m 644'
INSTALL_PROGRAM='${INSTALL}'
INSTALL_SCRIPT='${INSTALL}'
INSTALL_STRIP_PROGRAM='${SHELL} $(install_sh) -c -s'
LDFLAGS='-L/home/jds/dev/CUnit-2.0-1/CUnit/Sources'
LIBOBJS=''
LIBS='-lc '
LTLIBOBJS=''
MAKEINFO='makeinfo'
OBJEXT='o'
PACKAGE='CUnit'
PACKAGE_BUGREPORT=''
PACKAGE_NAME='CUnit'
PACKAGE_STRING='CUnit 2.0-1'
PACKAGE_TARNAME='cunit'
PACKAGE_VERSION='2.0-1'
PATH_SEPARATOR=':'
RANLIB='ranlib'
RELEASE='1'
SET_MAKE=''
SHELL='/bin/sh'
STRIP=''
VERSION='2.0'
ac_ct_CC='gcc'
ac_ct_RANLIB='ranlib'
ac_ct_STRIP=''
am__fastdepCC_FALSE='#'
am__fastdepCC_TRUE=''
am__include='include'
am__quote=''
bindir='${exec_prefix}/bin'
build_alias=''
datadir='${prefix}/share'
exec_prefix='${prefix}'
host_alias=''
includedir='${prefix}/include'
infodir='${prefix}/info'
install_sh='/home/jds/dev/CUnit-2.0-1/install-sh'
libdir='${exec_prefix}/lib'
libexecdir='${exec_prefix}/libexec'
localstatedir='${prefix}/var'
mandir='${prefix}/man'
oldincludedir='/usr/include'
prefix='/usr/local'
program_transform_name='s,x,x,'
sbindir='${exec_prefix}/sbin'
sharedstatedir='${prefix}/com'
sysconfdir='${prefix}/etc'
target_alias=''

## ----------- ##
## confdefs.h. ##
## ----------- ##

#define HAVE_ASSERT_H 1
#define HAVE_CTYPE_H 1
#define HAVE_INTTYPES_H 1
#define HAVE_LIBC 1
#define HAVE_MATH_H 1
#define HAVE_MEMORY_H 1
#define HAVE_STDINT_H 1
#define HAVE_STDIO_H 1
#define HAVE_STDLIB_H 1
#define HAVE_STDLIB_H 1
#define HAVE_STRINGS_H 1
#define HAVE_STRING_H 1
#define HAVE_STRING_H 1
#define HAVE_SYS_STAT_H 1
#define HAVE_SYS_TYPES_H 1
#define HAVE_UNISTD_H 1
#define PACKAGE "CUnit"
#define PACKAGE_BUGREPORT ""
#define PACKAGE_NAME "CUnit"
#define PACKAGE_STRING "CUnit 2.0-1"
#define PACKAGE_TARNAME "cunit"
#define PACKAGE_VERSION "2.0-1"
#define STDC_HEADERS 1
#define VERSION "2.0-1"

configure: exit 0
